{
  "RSpec": {
    "coverage": {
      "/home/david/RubymineProjects/workspace/myapp/app/helpers/application_helper.rb": {
        "lines": [
          null,
          null,
          1,
          null
        ]
      },
      "/home/david/RubymineProjects/workspace/myapp/app/helpers/projects_helper.rb": {
        "lines": [
          null,
          null,
          1,
          null
        ]
      },
      "/home/david/RubymineProjects/workspace/myapp/app/helpers/todos_helper.rb": {
        "lines": [
          null,
          null,
          1,
          null
        ]
      },
      "/home/david/RubymineProjects/workspace/myapp/app/mailers/application_mailer.rb": {
        "lines": [
          null,
          null,
          0,
          0,
          0,
          0
        ],
        "branches": {
        }
      },
      "/home/david/RubymineProjects/workspace/myapp/app/serializers/todo_serializer.rb": {
        "lines": [
          null,
          null,
          0,
          0,
          0
        ],
        "branches": {
        }
      },
      "/home/david/RubymineProjects/workspace/myapp/app/serializers/project_serializer.rb": {
        "lines": [
          null,
          null,
          0,
          0,
          null,
          0,
          0
        ],
        "branches": {
        }
      },
      "/home/david/RubymineProjects/workspace/myapp/app/models/project.rb": {
        "lines": [
          null,
          null,
          0,
          0,
          0,
          0
        ],
        "branches": {
        }
      },
      "/home/david/RubymineProjects/workspace/myapp/app/models/application_record.rb": {
        "lines": [
          null,
          null,
          0,
          0,
          0
        ],
        "branches": {
        }
      },
      "/home/david/RubymineProjects/workspace/myapp/app/models/todo.rb": {
        "lines": [
          null,
          null,
          0,
          0,
          0,
          0,
          0
        ],
        "branches": {
        }
      },
      "/home/david/RubymineProjects/workspace/myapp/app/jobs/application_job.rb": {
        "lines": [
          null,
          null,
          0,
          0
        ],
        "branches": {
        }
      },
      "/home/david/RubymineProjects/workspace/myapp/app/controllers/todos_controller.rb": {
        "lines": [
          null,
          null,
          0,
          0,
          0,
          null,
          0,
          0,
          null,
          0,
          0,
          null,
          0,
          0,
          null,
          0,
          0,
          null,
          0,
          0,
          null,
          0,
          0,
          null,
          0,
          null,
          0,
          0,
          0,
          null,
          0,
          0,
          0,
          null,
          0,
          0,
          0,
          null,
          0,
          0,
          0,
          null,
          0,
          0,
          0,
          0,
          0,
          0
        ],
        "branches": {
        }
      },
      "/home/david/RubymineProjects/workspace/myapp/app/controllers/application_controller.rb": {
        "lines": [
          null,
          null,
          0,
          0,
          null,
          0,
          0,
          null,
          0,
          null,
          0,
          0,
          0,
          0,
          0,
          0,
          null,
          0,
          0,
          0,
          0,
          0,
          0,
          0
        ],
        "branches": {
        }
      },
      "/home/david/RubymineProjects/workspace/myapp/app/controllers/projects_controller.rb": {
        "lines": [
          null,
          null,
          0,
          0,
          null,
          0,
          0,
          0,
          null,
          0,
          0,
          null,
          0,
          0,
          null,
          0,
          0,
          null,
          0,
          0,
          null,
          0,
          null,
          0,
          0,
          0,
          null,
          0,
          0,
          0,
          null,
          0,
          0,
          0,
          null,
          0,
          0,
          0,
          0,
          0,
          0
        ],
        "branches": {
        }
      },
      "/home/david/RubymineProjects/workspace/myapp/app/channels/application_cable/channel.rb": {
        "lines": [
          null,
          null,
          0,
          0,
          0,
          0
        ],
        "branches": {
        }
      },
      "/home/david/RubymineProjects/workspace/myapp/app/channels/application_cable/connection.rb": {
        "lines": [
          null,
          null,
          0,
          0,
          0,
          0
        ],
        "branches": {
        }
      }
    },
    "timestamp": 1604002200
  }
}
